<?xml version="1.0" encoding="UTF-8"?>
<!-- Generated by org.testng.reporters.JUnitReportReporter -->
<testsuite hostname="DESKTOP-P2HH5V2" name="com.testCases.SampleDeleteTestCase004" tests="4" failures="0" timestamp="28 Feb 2022 10:49:48 GMT" time="0.014" errors="0">
  <testcase name="checkStausCode" time="0.004" classname="com.testCases.SampleDeleteTestCase004"/>
  <testcase name="checkStatusLine" time="0.002" classname="com.testCases.SampleDeleteTestCase004"/>
  <testcase name="checkResponseTime" time="0.005" classname="com.testCases.SampleDeleteTestCase004"/>
  <testcase name="checkResponse" time="0.003" classname="com.testCases.SampleDeleteTestCase004"/>
</testsuite> <!-- com.testCases.SampleDeleteTestCase004 -->
