<?xml version="1.0" encoding="UTF-8"?>
<!-- Generated by org.testng.reporters.JUnitReportReporter -->
<testsuite hostname="DESKTOP-P2HH5V2" name="com.testCases.SampleGetTestCase001" tests="4" failures="0" timestamp="28 Feb 2022 10:49:48 GMT" time="0.029" errors="0">
  <testcase name="checkStausCode" time="0.005" classname="com.testCases.SampleGetTestCase001"/>
  <testcase name="checkResponseTime" time="0.006" classname="com.testCases.SampleGetTestCase001"/>
  <testcase name="checkResponseBody" time="0.014" classname="com.testCases.SampleGetTestCase001"/>
  <testcase name="checkStatusLine" time="0.004" classname="com.testCases.SampleGetTestCase001"/>
</testsuite> <!-- com.testCases.SampleGetTestCase001 -->
