<?xml version="1.0" encoding="UTF-8"?>
<!-- Generated by org.testng.reporters.JUnitReportReporter -->
<testsuite hostname="DESKTOP-P2HH5V2" name="com.testCases.SamplePostTestCase002" tests="4" failures="0" timestamp="28 Feb 2022 10:49:48 GMT" time="0.052" errors="0">
  <testcase name="checkResponseBody" time="0.036" classname="com.testCases.SamplePostTestCase002"/>
  <testcase name="checkStausCode" time="0.008" classname="com.testCases.SamplePostTestCase002"/>
  <testcase name="checkStatusLine" time="0.002" classname="com.testCases.SamplePostTestCase002"/>
  <testcase name="checkResponseTime" time="0.006" classname="com.testCases.SamplePostTestCase002"/>
</testsuite> <!-- com.testCases.SamplePostTestCase002 -->
